d:\jly\course\cg\mcpt\mcpt\x64\release\vc141.pdb
d:\jly\course\cg\mcpt\mcpt\x64\release\utils.obj
d:\jly\course\cg\mcpt\mcpt\x64\release\scene.obj
d:\jly\course\cg\mcpt\mcpt\x64\release\ray.obj
d:\jly\course\cg\mcpt\mcpt\x64\release\pathtracer.obj
d:\jly\course\cg\mcpt\mcpt\x64\release\model.obj
d:\jly\course\cg\mcpt\mcpt\x64\release\main.obj
d:\jly\course\cg\mcpt\mcpt\x64\release\light.obj
d:\jly\course\cg\mcpt\mcpt\x64\release\kdtree.obj
d:\jly\course\cg\mcpt\mcpt\x64\release\display.obj
d:\jly\course\cg\mcpt\mcpt\x64\release\camera.obj
d:\jly\course\cg\mcpt\mcpt\x64\release\aabb.obj
d:\jly\course\cg\mcpt\mcpt\x64\release\boundingbox.obj
d:\jly\course\cg\mcpt\mcpt\x64\release\montecarlopathtrace.obj
d:\jly\course\cg\mcpt\x64\release\mcpt.exe
d:\jly\course\cg\mcpt\x64\release\mcpt.pdb
d:\jly\course\cg\mcpt\x64\release\mcpt.ipdb
d:\jly\course\cg\mcpt\x64\release\mcpt.iobj
d:\jly\course\cg\mcpt\mcpt\x64\release\mcpt.tlog\cl.command.1.tlog
d:\jly\course\cg\mcpt\mcpt\x64\release\mcpt.tlog\cl.read.1.tlog
d:\jly\course\cg\mcpt\mcpt\x64\release\mcpt.tlog\cl.write.1.tlog
d:\jly\course\cg\mcpt\mcpt\x64\release\mcpt.tlog\link.command.1.tlog
d:\jly\course\cg\mcpt\mcpt\x64\release\mcpt.tlog\link.read.1.tlog
d:\jly\course\cg\mcpt\mcpt\x64\release\mcpt.tlog\link.write.1.tlog
d:\jly\course\cg\mcpt\mcpt\x64\release\mcpt.tlog\mcpt.write.1u.tlog
